Build started 2015/05/11 11:37:07 PM.
     1>Project "C:\Users\Matt\Documents\Visual Studio 2013\Projects\DESCipherSE\DESCipherSE\DESCipherSE.vcxproj" on node 2 (Build target(s)).
     1>ClCompile:
         C:\Program Files (x86)\Microsoft Visual Studio 12.0\VC\bin\CL.exe /c /ZI /nologo /W3 /WX- /sdl /Od /Oy- /D WIN32 /D _DEBUG /D _WINDOWS /D _UNICODE /D UNICODE /D _CRT_SECURE_NO_WARNINGS /Gm /EHsc /RTC1 /MDd /GS /fp:precise /Zc:wchar_t /Zc:forScope /Fo"Debug\\" /Fd"Debug\vc120.pdb" /Gd /TP /analyze- /errorReport:prompt DES.cpp
         DES.cpp
     1>c:\users\matt\documents\visual studio 2013\projects\descipherse\descipherse\des.cpp(48): error C2536: 'DES_Cipher::DES_Cipher::PC1' : cannot specify explicit initializer for arrays
                 c:\users\matt\documents\visual studio 2013\projects\descipherse\descipherse\des.cpp(41) : see declaration of 'DES_Cipher::PC1'
     1>c:\users\matt\documents\visual studio 2013\projects\descipherse\descipherse\des.cpp(55): error C2536: 'DES_Cipher::DES_Cipher::PC2' : cannot specify explicit initializer for arrays
                 c:\users\matt\documents\visual studio 2013\projects\descipherse\descipherse\des.cpp(50) : see declaration of 'DES_Cipher::PC2'
                 c:\users\matt\documents\visual studio 2013\projects\descipherse\descipherse\des.cpp(41) : see declaration of 'DES_Cipher::PC1'
                 c:\users\matt\documents\visual studio 2013\projects\descipherse\descipherse\des.cpp(50) : see declaration of 'DES_Cipher::PC2'
     1>c:\users\matt\documents\visual studio 2013\projects\descipherse\descipherse\des.cpp(24): error C2536: 'DES_Cipher::DES_Cipher::IP' : cannot specify explicit initializer for arrays
                 c:\users\matt\documents\visual studio 2013\projects\descipherse\descipherse\des.cpp(74) : see declaration of 'DES_Cipher::IP'
     1>Done Building Project "C:\Users\Matt\Documents\Visual Studio 2013\Projects\DESCipherSE\DESCipherSE\DESCipherSE.vcxproj" (Build target(s)) -- FAILED.

Build FAILED.

Time Elapsed 00:00:06.60
